{
  "RSpec": {
    "coverage": {
      "/home/deepak/workspace/weather_forecast_app/spec/services/weather_forecast_service_spec.rb": {
        "lines": [
          1,
          null,
          1,
          1,
          1,
          null,
          null,
          null,
          null,
          null,
          null,
          null,
          null,
          null,
          null,
          null,
          null,
          null,
          1,
          1,
          1,
          null,
          null,
          1,
          1,
          null,
          null,
          null,
          null,
          null,
          null,
          null,
          null,
          null,
          null,
          null,
          null,
          null,
          1,
          1,
          1,
          null,
          null
        ]
      },
      "/home/deepak/workspace/weather_forecast_app/spec/rails_helper.rb": {
        "lines": [
          null,
          1,
          1,
          1,
          null,
          1,
          1,
          null,
          null,
          null,
          null,
          null,
          null,
          null,
          null,
          null,
          null,
          null,
          null,
          null,
          null,
          null,
          null,
          null,
          1,
          null,
          1,
          null,
          null,
          null,
          null,
          null,
          null,
          null,
          null,
          null,
          null,
          null,
          null,
          null,
          null,
          null,
          null,
          null,
          null,
          null,
          null,
          null,
          null,
          null,
          null,
          null,
          null,
          1,
          null,
          null,
          null
        ]
      },
      "/home/deepak/workspace/weather_forecast_app/config/environment.rb": {
        "lines": [
          null,
          1,
          null,
          null,
          1
        ]
      },
      "/home/deepak/workspace/weather_forecast_app/config/application.rb": {
        "lines": [
          1,
          null,
          1,
          null,
          1,
          1,
          null,
          null,
          1,
          1,
          null,
          null,
          1,
          1,
          1,
          null,
          null,
          null,
          1,
          null,
          1,
          1,
          null,
          1,
          null,
          null,
          null,
          null,
          1,
          null,
          null,
          null,
          null,
          null,
          null,
          null,
          null,
          null,
          null,
          1,
          null,
          null,
          null
        ]
      },
      "/home/deepak/workspace/weather_forecast_app/config/boot.rb": {
        "lines": [
          1,
          null,
          1,
          1
        ]
      },
      "/home/deepak/workspace/weather_forecast_app/config/environments/test.rb": {
        "lines": [
          1,
          null,
          null,
          null,
          null,
          null,
          null,
          1,
          null,
          null,
          null,
          1,
          null,
          null,
          null,
          null,
          null,
          1,
          null,
          null,
          1,
          1,
          null,
          null,
          null,
          null,
          1,
          1,
          1,
          null,
          null,
          1,
          null,
          null,
          1,
          null,
          1,
          null,
          null,
          null,
          null,
          1,
          null,
          null,
          1,
          null,
          null,
          1,
          null,
          null,
          1,
          null,
          null,
          null,
          null,
          null,
          null,
          null,
          null,
          1,
          null
        ]
      },
      "/home/deepak/workspace/weather_forecast_app/config/initializers/assets.rb": {
        "lines": [
          null,
          null,
          null,
          1,
          null,
          null,
          null,
          null,
          null,
          null,
          null,
          null
        ]
      },
      "/home/deepak/workspace/weather_forecast_app/config/initializers/content_security_policy.rb": {
        "lines": [
          null,
          null,
          null,
          null,
          null,
          null,
          null,
          null,
          null,
          null,
          null,
          null,
          null,
          null,
          null,
          null,
          null,
          null,
          null,
          null,
          null,
          null,
          null,
          null,
          null
        ]
      },
      "/home/deepak/workspace/weather_forecast_app/config/initializers/filter_parameter_logging.rb": {
        "lines": [
          null,
          null,
          null,
          null,
          null,
          1,
          null,
          null
        ]
      },
      "/home/deepak/workspace/weather_forecast_app/config/initializers/inflections.rb": {
        "lines": [
          null,
          null,
          null,
          null,
          null,
          null,
          null,
          null,
          null,
          null,
          null,
          null,
          null,
          null,
          null,
          null
        ]
      },
      "/home/deepak/workspace/weather_forecast_app/config/initializers/permissions_policy.rb": {
        "lines": [
          null,
          null,
          null,
          null,
          null,
          null,
          null,
          null,
          null,
          null,
          null,
          null,
          null
        ]
      },
      "/home/deepak/workspace/weather_forecast_app/config/routes.rb": {
        "lines": [
          1,
          null,
          null,
          null,
          null,
          1,
          null,
          null,
          null,
          null,
          null,
          1,
          1,
          null
        ]
      },
      "/home/deepak/workspace/weather_forecast_app/app/helpers/application_helper.rb": {
        "lines": [
          1,
          null
        ]
      },
      "/home/deepak/workspace/weather_forecast_app/app/services/weather_forecast_service.rb": {
        "lines": [
          1,
          null,
          1,
          null,
          null,
          null,
          null,
          null,
          1,
          1,
          null,
          1,
          2,
          null,
          2,
          0,
          0,
          0,
          null,
          null,
          null,
          1,
          2,
          null,
          2,
          null,
          null,
          2,
          2,
          2,
          2,
          2,
          2,
          2,
          null,
          2,
          2,
          null,
          null,
          null,
          null,
          null,
          null,
          null,
          2,
          2,
          2,
          null,
          null,
          null,
          2,
          null,
          null,
          null,
          null,
          null,
          null,
          2,
          null,
          2,
          2,
          2,
          2,
          2,
          null,
          0,
          null,
          null,
          null,
          1,
          null,
          null,
          null,
          1,
          null,
          2,
          null,
          null,
          null,
          null,
          null,
          null,
          2,
          null,
          null,
          null,
          null,
          null,
          null,
          null,
          null,
          null,
          null
        ]
      },
      "/home/deepak/workspace/weather_forecast_app/lib/address_zip_code_extractor.rb": {
        "lines": [
          1,
          1,
          2,
          null,
          null,
          2,
          null,
          null,
          1,
          null,
          null,
          0,
          null,
          null,
          null,
          null,
          null
        ]
      }
    },
    "timestamp": 1746713308
  }
}
